C51 COMPILER V9.00   INIT                                                                  05/29/2012 08:00:48 PAGE 1   


C51 COMPILER V9.00, COMPILATION OF MODULE INIT
OBJECT MODULE PLACED IN init.OBJ
COMPILER INVOKED BY: C:\Keil\C51\BIN\C51.exe init.c DB OE BR

line level    source

   1          #include "c8051f120.h"
   2          #include "init.h"
   3          
   4          
   5          //------------------------------------------------------------------------------------------
   6          void Port_IO_Init(void)
   7          {
   8   1          // P0.0  -  TX0 (UART0), 
   9   1          // P0.1  -  RX0 (UART0), 
  10   1          // P0.2  -  SDA (SMBus), Open-Drain, Digital
  11   1          // P0.3  -  SCL (SMBus), Open-Drain, Digital
  12   1          // P0.4  -  TX1 (UART1), Open-Drain, Digital
  13   1          // P0.5  -  RX1 (UART1), Open-Drain, Digital
  14   1          // P0.6  -  T0 (Timer0), Open-Drain, Digital
  15   1          // P0.7  -  скорость ветра INT0 (Tmr0), Push-Pull,  Digital
  16   1      
  17   1          // P1.0  -  T1 (Timer1), Push-Pull,  Digital
  18   1          // P1.1  -  направление ветра INT1 (Tmr1), Push-Pull,  Digital
  19   1          // P1.2  -  T2 (Timer2), Push-Pull,  Digital
  20   1          // P1.3  -  T4 (Timer4), Push-Pull,  Digital
  21   1          // P1.4  -  SYSCLK,      Push-Pull,  Digital
  22   1               //P1.5 ШИМ 
  23   1               //P1.6 LED
  24   1               //P1.7 ШИМ 
  25   1               //P2.0 ЛИР CLOCK
  26   1               //P2.1 ЛИР DATA
  27   1      
  28   1          SFRPAGE   = CONFIG_PAGE;
  29   1          P0MDOUT   = 0x83;
  30   1          P1MDOUT   = 0xFF;
  31   1          P2MDOUT   = 0xFF;
  32   1          XBR0      = 0x05;
  33   1          XBR1      = 0xBE;
  34   1          XBR2      = 0x4C;
  35   1      
  36   1      }
  37          //------------------------------------------------------------------------------------------
  38          void Oscillator_Init(void)
  39          {
  40   1          SFRPAGE   = CONFIG_PAGE;
  41   1          OSCICN    = 0x83;
  42   1      }
  43          //------------------------------------------------------------------------------------------
  44          void Interrupts_Init(void)
  45          {
  46   1          IE        = 0xBA;
  47   1          EIE1      = 0x02;
  48   1          EIE2      = 0x45;
  49   1          //IP        = 0x02;//timer0 hight
  50   1               //PX1=1;
  51   1               EIP2      = 0x01;
  52   1      }
  53          //------------------------------------------------------------------------------------------
  54          //------------------------------------------------------------------------------------------
  55          void Timer_01(void)
C51 COMPILER V9.00   INIT                                                                  05/29/2012 08:00:48 PAGE 2   

  56          {    
  57   1               SFRPAGE   = TIMER01_PAGE;
  58   1          TCON      = 0x50;//0x55
  59   1          TMOD      = 0x11;
  60   1          CKCON     = 0x08;//0x0A;
  61   1      }
  62          //-----------------------------------------------------------------
  63          //GPS, скорость 4800 бод, тактируется Timer1 
  64          /*
  65          void UART1_Init(void)
  66          {
  67                  SFRPAGE = UART1_PAGE;
  68                  SCON1 = 0x10;                   /* Регистр управления COM1
  69                                                                                  SCON1.7 = S1MODE= 0: 8-ми разрядный COM-порт с изменяемой скоростью передачи данных
  70                                                                                  SCON1.5 = MCE1  = 0: (при S1MODE = SCON1.7 = 0) логический уровень стопового бита игнорируется
  71                                                                                  SCON1.4 = REN1 = 1: Разрешение приема   */
  72          /*      
  73                  SFRPAGE =0x00;
  74                  CKCON = CKCON | 0x02;   /*регистр управления тактированием
  75                                                                                  CKCON.3 = T0M = 1:      Timer 0 тактируется системным тактовым сигналом 
  76                                                                                  (т.е. биты CKCON.1 и CKCON.0 не влияют)
  77                                                                                  CKCON.1 = SCA1 = 1:     Биты выбора делителя частоты тактирования Timer 0, 1 
  78                                                                                  CKCON.0 = SCA0 = 0:     SYSCLK/48*/
  79          /*
  80                  TMOD = TMOD | 0x20;             /*Регистр режима Таймеров 0 и 1
  81                                                                                  TMOD.7 = GATE1 = 0: Таймер 1 включен, если TR1 = 1, независимо от логического уровня на входе /IN
             -T1.
  82                                                                                  TMOD.6 = C/T1 = 0:  Т/С1  работает  как  таймер:  Таймер 1  инкрементируется  от  внутреннего  си
             -гнала   
  83                                                                                                          тактирования, который задается битом T1M (CKCON.4).  
  84                                                                                  TMOD.5 = T1M1 = 1,      
  85                                                                                  TMOD.4 = T1M0 = 0:      Выбор режима работы Таймера 1: 8-разрядный таймер/счетчик с автоперезагрузкой
             -*/
  86          /*      TH1 = 148;              
  87                  TL1 = TH1;
  88                  TR1 = 1;  
  89          }*/
  90          //57600.Timer2------------------------------------------------------
  91          void UART0_Init(void)
  92          {
  93   1              SFRPAGE = 0x00;
  94   1      
  95   1              TMR2CF = 0x08; // Timer 2 Configuration
  96   1         RCAP2L = 0xF3;  // Timer 2 Reload Register Low Byte   BaudRate = 115200
  97   1         RCAP2H = 0xFF;  // Timer 2 Reload Register High Byte
  98   1      
  99   1         TMR2L = 0x00;   // Timer 2 Low Byte
 100   1         TMR2H = 0x00;   // Timer 2 High Byte
 101   1         TMR2CN = 0x04;  // Timer 2 CONTROL
 102   1              TR2 = 1;
 103   1              SFRPAGE = UART0_PAGE;
 104   1      
 105   1              SCON0 = 0x50;
 106   1              SSTA0 = 0x15;
 107   1      }
 108          
 109          //------------------------------------------------------------------------------------------
 110          void Timer_3(void)
 111          {
 112   1          SFRPAGE   = TMR3_PAGE;
 113   1          TMR3CN    = 0x04;
 114   1          TMR3CF    = 0x02;
C51 COMPILER V9.00   INIT                                                                  05/29/2012 08:00:48 PAGE 3   

 115   1         /* RCAP3L    = 0x38;
 116   1          RCAP3H    = 0x9f;*/
 117   1      }
 118          //------------------------------------------------------------------------------------------
 119          void Timer_4(void)
 120          {
 121   1          SFRPAGE   = TMR4_PAGE;
 122   1          TMR4CN    = 0x04;
 123   1          TMR4CF    = 0x02;
 124   1        /*  RCAP4L    = 0x06;
 125   1          RCAP4H    = 0xc6;*/
 126   1      }
 127          //------------------------------------------------------------------------------------------
 128          
 129          void Init_Device(void)
 130          {
 131   1          Port_IO_Init();
 132   1          Oscillator_Init();
 133   1          Interrupts_Init();
 134   1               Timer_01();
 135   1               UART0_Init();
 136   1               Timer_3();
 137   1               //Timer_4();
 138   1      }
 139          //------------------------------------------------------------------------------------------
 140          
 141          //#endif


MODULE INFORMATION:   STATIC OVERLAYABLE
   CODE SIZE        =    123    ----
   CONSTANT SIZE    =   ----    ----
   XDATA SIZE       =   ----    ----
   PDATA SIZE       =   ----    ----
   DATA SIZE        =   ----    ----
   IDATA SIZE       =   ----    ----
   BIT SIZE         =   ----    ----
END OF MODULE INFORMATION.


C51 COMPILATION COMPLETE.  0 WARNING(S),  0 ERROR(S)
