C51 COMPILER V9.00   ADC                                                                   09/24/2012 12:27:27 PAGE 1   


C51 COMPILER V9.00, COMPILATION OF MODULE ADC
OBJECT MODULE PLACED IN adc.OBJ
COMPILER INVOKED BY: C:\Keil\C51\BIN\C51.exe adc.c DB OE BR

line level    source

   1          //-----------------------------------------------------------------------------
   2          // Includes
   3          //-----------------------------------------------------------------------------
   4          
   5          #include <c8051f120.h>                 // SFR declarations
   6          #include <stdio.h>                     
   7          #include "init.h"
   8          
   9          //-----------------------------------------------------------------------------
  10          // Function Prototypes
  11          //-----------------------------------------------------------------------------
  12          
  13          void adc (void);
  14          void Wait_MS(unsigned int ms);
  15          
  16          //-----------------------------------------------------------------------------
  17          
  18          void adc (void)
  19          {
  20   1         long measurement;                   // Measured voltage in mV
  21   1      
  22   1           // The 12-bit ADC value is averaged across INT_DEC measurements.  The result is 
  23   1            // then stored in Result, and is right-justified 
  24   1            // The measured voltage applied to AIN 0.1 is then:
  25   1            //
  26   1            //                           Vref (mV)
  27   1            //   measurement (mV) =   --------------- * Result (bits) 
  28   1            //                       (2^12)-1 (bits)
  29   1      
  30   1          measurement =  Result * 2430 / 4095;
*** ERROR C202 IN LINE 30 OF ADC.C: 'Result': undefined identifier
  31   1      
  32   1          EA = 1;                          // Re-enable interrupts
  33   1      
  34   1          SFRPAGE = UART0_PAGE;
  35   1      
  36   1          printf("AIN0.1 voltage: %ld mV\n",measurement);
  37   1      
  38   1      }
  39          
  40          
  41          //-----------------------------------------------------------------------------
  42          
  43          void ADC0_ISR (void) interrupt 15
  44          {
  45   1         AD0INT = 0;                         // Clear ADC conversion complete
  46   1                                             // indicator
  47   1         accumulator += ADC0;                // Read ADC value and add to running
*** ERROR C202 IN LINE 47 OF ADC.C: 'accumulator': undefined identifier
  48   1                                             // total
  49   1         int_dec--;                          // Update decimation counter
*** ERROR C202 IN LINE 49 OF ADC.C: 'int_dec': undefined identifier
  50   1      
  51   1         if (int_dec == 0)                   // If zero, then post result
*** ERROR C202 IN LINE 51 OF ADC.C: 'int_dec': undefined identifier
C51 COMPILER V9.00   ADC                                                                   09/24/2012 12:27:27 PAGE 2   

  52   1         {
  53   2            int_dec = 256;               // Reset counter
*** ERROR C202 IN LINE 53 OF ADC.C: 'int_dec': undefined identifier
  54   2            Result = accumulator >> 8;
*** ERROR C202 IN LINE 54 OF ADC.C: 'Result': undefined identifier
  55   2            accumulator = 0L;                // Reset accumulator
*** ERROR C202 IN LINE 55 OF ADC.C: 'accumulator': undefined identifier
  56   2         }
  57   1      }
  58          
  59          
  60          //-----------------------------------------------------------------------------
  61          // End Of File
  62          //-----------------------------------------------------------------------------

C51 COMPILATION COMPLETE.  0 WARNING(S),  7 ERROR(S)
