C51 COMPILER V9.00   SERVO                                                                 04/23/2012 11:33:32 PAGE 1   


C51 COMPILER V9.00, COMPILATION OF MODULE SERVO
OBJECT MODULE PLACED IN servo.OBJ
COMPILER INVOKED BY: C:\Keil\C51\BIN\C51.exe servo.c DB OE BR

line level    source

   1          //Функции для работы с 485м интерфейсом
   2          #include "c8051f120.h"
   3          #include "servo.h"
   4          #include <intrins.h>
   5          
   6          //--------------------------------
   7          //      P6 = addr;
   8          //      P4 = data_lsb write to fpga
   9          //      P5 = data_msb write to fpga
  10          //      P7 = data_lsb read from fpga
  11          //      P2 = data_msb read from fpga
  12          sbit we = P3^3; //write enabled
  13          sbit re = P3^4; //read enabled
  14          sbit wr = P3^5; //write push
  15          sbit rd = P3^6; //read pull
  16          
  17          //-----------------------------------------------------------------------------
  18          unsigned int read(unsigned char adress)
  19          {
  20   1              unsigned int dat;
  21   1              SFRPAGE = 0x00;
  22   1              wr = we = 0;
  23   1              re = rd = 1;
  24   1              for (dat = 0; dat < 100; dat++)
  25   1                      _nop_();
  26   1      
  27   1              SFRPAGE = 0x0f;
  28   1              P6 = adress;
  29   1              dat = P2;
  30   1              dat = (dat << 8)+P7;
  31   1              
  32   1              SFRPAGE = 0x00;
  33   1              rd = 0;
  34   1      
  35   1              return dat;
  36   1      }
  37          
  38          //-----------------------------------------------------------------------------
  39          void write(unsigned  char adress, unsigned int dat)
  40          {
  41   1              SFRPAGE = 0x00;
  42   1              re = rd = 0;
  43   1              we = 1;
  44   1      
  45   1              SFRPAGE = 0x0f;
  46   1              P6 = adress;
  47   1              P4 = dat & 0x00ff;
  48   1              P5 = (dat & 0xff00) >> 8;
  49   1      
  50   1              SFRPAGE = 0x00;
  51   1              wr = 1;
  52   1              for (adress = 0; adress < 0xf; adress++)
  53   1                      _nop_();
  54   1      
  55   1              wr = 0;
C51 COMPILER V9.00   SERVO                                                                 04/23/2012 11:33:32 PAGE 2   

  56   1              return;
  57   1      }


MODULE INFORMATION:   STATIC OVERLAYABLE
   CODE SIZE        =     90    ----
   CONSTANT SIZE    =   ----    ----
   XDATA SIZE       =   ----    ----
   PDATA SIZE       =   ----    ----
   DATA SIZE        =   ----    ----
   IDATA SIZE       =   ----    ----
   BIT SIZE         =   ----    ----
END OF MODULE INFORMATION.


C51 COMPILATION COMPLETE.  0 WARNING(S),  0 ERROR(S)
