C51 COMPILER V9.00   COMPORT                                                               05/23/2012 11:26:39 PAGE 1   


C51 COMPILER V9.00, COMPILATION OF MODULE COMPORT
OBJECT MODULE PLACED IN comport.OBJ
COMPILER INVOKED BY: C:\Keil\C51\BIN\C51.exe comport.c DB OE BR

line level    source

   1          #include "c8051f120.h"
   2          #include "comport.h"
   3          #include <intrins.h>
   4          
   5          //--------------------------------
   6          //      P6 = addr;
   7          //      P4 = data_lsb write to fpga
   8          //      P5 = data_msb write to fpga
   9          //      P7 = data_lsb read from fpga
  10          //      P2 = data_msb read from fpga
  11          sbit we = P3^3; //write enabled
  12          sbit re = P3^4; //read enabled
  13          sbit wr = P3^5; //write push
  14          sbit rd = P3^6; //read pull
  15          
  16          //-----------------------------------------------------------------------------
  17          unsigned int read(unsigned char adress)
  18          {
  19   1              unsigned int dat;
  20   1              SFRPAGE = 0x00;
  21   1              wr = we = 0;
  22   1              re = rd = 1;
  23   1              for (dat = 0; dat < 100; dat++)
  24   1                      _nop_();
  25   1      
  26   1              SFRPAGE = 0x0f;
  27   1              P6 = adress;
  28   1              dat = P2;
  29   1              dat = (dat << 8)+P7;
  30   1      
  31   1              SFRPAGE = 0x00;
  32   1              rd = 0;
  33   1      
  34   1              return dat;
  35   1      }
  36          
  37          //-----------------------------------------------------------------------------
  38          void write(unsigned  char adress, unsigned int dat)
  39          {
  40   1              SFRPAGE = 0x00;
  41   1              re = rd = 0;
  42   1              we = 1;
  43   1      
  44   1              SFRPAGE = 0x0f;
  45   1              P6 = adress;
  46   1              P4 = dat & 0x00ff;
  47   1              P5 = (dat & 0xff00) >> 8;
  48   1      
  49   1              SFRPAGE = 0x00;
  50   1              wr = 1;
  51   1              for (adress = 0; adress < 0xf; adress++)
  52   1                      _nop_();
  53   1      
  54   1              wr = 0;
  55   1              return;
C51 COMPILER V9.00   COMPORT                                                               05/23/2012 11:26:39 PAGE 2   

  56   1      }


MODULE INFORMATION:   STATIC OVERLAYABLE
   CODE SIZE        =     90    ----
   CONSTANT SIZE    =   ----    ----
   XDATA SIZE       =   ----    ----
   PDATA SIZE       =   ----    ----
   DATA SIZE        =   ----    ----
   IDATA SIZE       =   ----    ----
   BIT SIZE         =   ----    ----
END OF MODULE INFORMATION.


C51 COMPILATION COMPLETE.  0 WARNING(S),  0 ERROR(S)
