C51 COMPILER V9.00   INIT                                                                  08/17/2012 14:57:02 PAGE 1   


C51 COMPILER V9.00, COMPILATION OF MODULE INIT
OBJECT MODULE PLACED IN init.OBJ
COMPILER INVOKED BY: C:\Keil\C51\BIN\C51.exe init.c DB OE BR

line level    source

   1          #include "c8051f120.h"
   2          #include "init.h"
   3          
   4          //------------------------------------------------------------------------------------------
   5          void Reset_Sources_Init()
   6          {
   7   1          WDTCN     = 0xDE;
   8   1          WDTCN     = 0xAD;
   9   1      }
  10          
  11          void Timer_Init()
  12          {
  13   1      //---------------------------------------
  14   1          SFRPAGE   = TIMER01_PAGE;
  15   1          TCON      = 0x50;
  16   1          TMOD      = 0x22;
  17   1          TL0       = 0x4B;
  18   1          TH0       = 0xA0;
  19   1          TH1 = 0x2B;         
  20   1               TL1 = 0x11;
  21   1      
  22   1      //GPS, скорость 4800 бод, тактируется Timer1 
  23   1               SFRPAGE = UART1_PAGE;
  24   1               SCON1 = 0x10;          
  25   1              
  26   1               SFRPAGE =0x00;
  27   1              //CKCON = CKCON | 0x02; 
  28   1              /*регистр управления тактированием
  29   1                                                                              CKCON.3 = T0M = 1:      Timer 0 тактируется системным тактовым сигналом 
  30   1                                                                              (т.е. биты CKCON.1 и CKCON.0 не влияют)
  31   1                                                                              CKCON.1 = SCA1 = 1:     Биты выбора делителя частоты тактирования Timer 0, 1 
  32   1                                                                              CKCON.0 = SCA0 = 0:     SYSCLK/48*/
  33   1              
  34   1              //TMOD = TMOD | 0x20;           
  35   1              /*Регистр режима Таймеров 0 и 1
  36   1                                                                              TMOD.7 = GATE1 = 0: Таймер 1 включен, если TR1 = 1, независимо от логического уровня на входе /IN
             -T1.
  37   1                                                                              TMOD.6 = C/T1 = 0:  Т/С1  работает  как  таймер:  Таймер 1  инкрементируется  от  внутреннего  си
             -гнала   
  38   1                                                                                                      тактирования, который задается битом T1M (CKCON.4).  
  39   1                                                                              TMOD.5 = T1M1 = 1,      
  40   1                                                                              TMOD.4 = T1M0 = 0:      Выбор режима работы Таймера 1: 8-разрядный таймер/счетчик с автоперезагрузкой
             -*/
  41   1      
  42   1      
  43   1      
  44   1      //COM, 115200, Timer2
  45   1               SFRPAGE   = TMR2_PAGE;
  46   1      
  47   1               TMR2CF = 0x08; // Timer 2 Configuration
  48   1          RCAP2L = 0xF3;  // Timer 2 Reload Register Low Byte   BaudRate = 115200
  49   1          RCAP2H = 0xFF;  // Timer 2 Reload Register High Byte
  50   1      
  51   1          TMR2L = 0x00;   // Timer 2 Low Byte
  52   1          TMR2H = 0x00;   // Timer 2 High Byte
C51 COMPILER V9.00   INIT                                                                  08/17/2012 14:57:02 PAGE 2   

  53   1          TMR2CN = 0x04;  // Timer 2 CONTROL
  54   1               TR2 = 1;
  55   1               SFRPAGE = UART0_PAGE;
  56   1      
  57   1               SCON0 = 0x50;
  58   1               SSTA0 = 0x05;    
  59   1      //SMBus, , Timer3
  60   1          SFRPAGE   = TMR3_PAGE;
  61   1          TMR3CN    = 0x04;
  62   1          RCAP3L    = 0x9F;
  63   1          RCAP3H    = 0x38;
  64   1          SFRPAGE   = TMR4_PAGE;
  65   1          RCAP4L    = 0xC6;
  66   1          RCAP4H    = 0x06;
  67   1      }
  68          /*
  69          void PCA_Init()
  70          {
  71              SFRPAGE   = PCA0_PAGE;
  72              PCA0CN    = 0x40;
  73              PCA0MD    = 0x01;
  74              PCA0CPM0  = 0x40;
  75              PCA0CPM1  = 0x40;
  76              PCA0CPH0  = 0xFF;
  77              PCA0CPH1  = 0xFF;
  78          
  79          }*/
  80          void PCA_Init()
  81          {
  82   1          SFRPAGE   = PCA0_PAGE;
  83   1          PCA0CN    = 0x40;
  84   1          PCA0MD    = 0x01; //         ECF=1;
  85   1          PCA0CPM0  = 0x43;
  86   1               PCA0CPH0  = 0xFF;
  87   1               PCA0CPL0  = 0xFF;
  88   1               PCA0CPM1  = 0x43;
  89   1               PCA0CPH1  = 0xFF;
  90   1               PCA0CPL1  = 0xFF;
  91   1               CF = 0;
  92   1      
  93   1      }
  94          
  95          void SMBus_Init()
  96          {
  97   1          SFRPAGE   = SMB0_PAGE;
  98   1          SMB0CN    = 0x49;
  99   1      }
 100          
 101          void ADC_Init()
 102          {
 103   1          SFRPAGE   = ADC0_PAGE;
 104   1          ADC0CN    = 0x80;
 105   1      }
 106          //------------------------------------------------------------------------------------------
 107          void Port_IO_Init(void)
 108          {
 109   1          // P0.0  -  TX0 (UART0), Open-Drain, Digital
 110   1          // P0.1  -  RX0 (UART0), Open-Drain, Digital
 111   1          // P0.2  -  SDA (SMBus), Open-Drain, Digital
 112   1          // P0.3  -  SCL (SMBus), Open-Drain, Digital
 113   1          // P0.4  -  TX1 (UART1), Open-Drain, Digital
 114   1          // P0.5  -  RX1 (UART1), Open-Drain, Digital
C51 COMPILER V9.00   INIT                                                                  08/17/2012 14:57:02 PAGE 3   

 115   1          // P0.6  -  CEX0 (PCA),  Push-Pull,  Digital ШИМ
 116   1          // P0.7  -  CEX1 (PCA),  Push-Pull,  Digital ШИМ
 117   1      
 118   1          // P1.0  -  T0 (Timer0), Push-Pull,  Digital
 119   1          // P1.1  -  wind Speed INT0 (Tmr0), Push-Pull,  Digital
 120   1          // P1.2  -  T1 (Timer1), Push-Pull,  Digital
 121   1          // P1.3  -  wind Angle INT1 (Tmr1), Push-Pull,  Digital
 122   1          // P1.4  -  T2 (Timer2), Push-Pull,  Digital
 123   1               //P2.0 ЛИР CLOCK
 124   1               //P2.1 ЛИР DATA
 125   1      
 126   1          SFRPAGE   = CONFIG_PAGE;
 127   1          P0MDOUT   = 0xC0;
 128   1          P1MDOUT   = 0xFF;
 129   1          P2MDOUT   = 0xFF;
 130   1          XBR0      = 0x15;
 131   1          XBR1      = 0x3E;
 132   1          XBR2      = 0x44;
 133   1      
 134   1      }
 135           
 136          void Oscillator_Init(void)
 137          {
 138   1          SFRPAGE   = CONFIG_PAGE;
 139   1          OSCICN    = 0x83;
 140   1      }
 141          
 142          void Interrupts_Init()
 143          {
 144   1          IE        = 0xBF;
 145   1          EIE1      = 0x0A;
 146   1          EIE2      = 0x43; 
 147   1      
 148   1         // IP        = 0x10;
 149   1         // EIP2      = 0x40;
 150   1      }
 151          
 152          void Init_Device(void)
 153          {
 154   1          Reset_Sources_Init();
 155   1          Timer_Init();
 156   1          PCA_Init();
 157   1          SMBus_Init();
 158   1               ADC_Init();
 159   1          Port_IO_Init();
 160   1          Oscillator_Init();
 161   1          Interrupts_Init();
 162   1      }
 163          //-----------------------------------------------------------------
 164          //GPS, скорость 4800 бод, тактируется Timer1 
 165          /*
 166          void UART1_Init(void)
 167          {
 168                  SFRPAGE = UART1_PAGE;
 169                  SCON1 = 0x10;                   /* Регистр управления COM1
 170                                                                                  SCON1.7 = S1MODE= 0: 8-ми разрядный COM-порт с изменяемой скоростью передачи данных
 171                                                                                  SCON1.5 = MCE1  = 0: (при S1MODE = SCON1.7 = 0) логический уровень стопового бита игнорируется
 172                                                                                  SCON1.4 = REN1 = 1: Разрешение приема   */
 173          /*      
 174                  SFRPAGE =0x00;
 175                  CKCON = CKCON | 0x02;   /*регистр управления тактированием
 176                                                                                  CKCON.3 = T0M = 1:      Timer 0 тактируется системным тактовым сигналом 
C51 COMPILER V9.00   INIT                                                                  08/17/2012 14:57:02 PAGE 4   

 177                                                                                  (т.е. биты CKCON.1 и CKCON.0 не влияют)
 178                                                                                  CKCON.1 = SCA1 = 1:     Биты выбора делителя частоты тактирования Timer 0, 1 
 179                                                                                  CKCON.0 = SCA0 = 0:     SYSCLK/48*/
 180          /*
 181                  TMOD = TMOD | 0x20;             /*Регистр режима Таймеров 0 и 1
 182                                                                                  TMOD.7 = GATE1 = 0: Таймер 1 включен, если TR1 = 1, независимо от логического уровня на входе /IN
             -T1.
 183                                                                                  TMOD.6 = C/T1 = 0:  Т/С1  работает  как  таймер:  Таймер 1  инкрементируется  от  внутреннего  си
             -гнала   
 184                                                                                                          тактирования, который задается битом T1M (CKCON.4).  
 185                                                                                  TMOD.5 = T1M1 = 1,      
 186                                                                                  TMOD.4 = T1M0 = 0:      Выбор режима работы Таймера 1: 8-разрядный таймер/счетчик с автоперезагрузкой
             -*/
 187          /*      TH1 = 148;              
 188                  TL1 = TH1;
 189                  TR1 = 1;  
 190          }*/
 191          //57600.Timer2------------------------------------------------------
 192          /*
 193          void UART0_Init(void)
 194          {
 195                  SFRPAGE = 0x00;
 196          
 197                  TMR2CF = 0x08; // Timer 2 Configuration
 198             RCAP2L = 0xF3;  // Timer 2 Reload Register Low Byte   BaudRate = 115200
 199             RCAP2H = 0xFF;  // Timer 2 Reload Register High Byte
 200          
 201             TMR2L = 0x00;   // Timer 2 Low Byte
 202             TMR2H = 0x00;   // Timer 2 High Byte
 203             TMR2CN = 0x04;  // Timer 2 CONTROL
 204                  TR2 = 1;
 205                  SFRPAGE = UART0_PAGE;
 206          
 207                  SCON0 = 0x50;
 208                  SSTA0 = 0x15;
 209          }
 210          */
 211          
 212          //------------------------------------------------------------------------------------------
 213          
 214          //#endif


MODULE INFORMATION:   STATIC OVERLAYABLE
   CODE SIZE        =    193    ----
   CONSTANT SIZE    =   ----    ----
   XDATA SIZE       =   ----    ----
   PDATA SIZE       =   ----    ----
   DATA SIZE        =   ----    ----
   IDATA SIZE       =   ----    ----
   BIT SIZE         =   ----    ----
END OF MODULE INFORMATION.


C51 COMPILATION COMPLETE.  0 WARNING(S),  0 ERROR(S)
